0 info it worked if it ends with ok
1 verbose cli [ '/usr/local/bin/node',
1 verbose cli   '/usr/local/bin/npm',
1 verbose cli   'run',
1 verbose cli   'publish-gh-pages' ]
2 info using npm@3.10.10
3 info using node@v7.2.1
4 verbose run-script [ 'prepublish-gh-pages',
4 verbose run-script   'publish-gh-pages',
4 verbose run-script   'postpublish-gh-pages' ]
5 info lifecycle @~prepublish-gh-pages: @
6 silly lifecycle @~prepublish-gh-pages: no script for prepublish-gh-pages, continuing
7 info lifecycle @~publish-gh-pages: @
8 verbose lifecycle @~publish-gh-pages: unsafe-perm in lifecycle true
9 verbose lifecycle @~publish-gh-pages: PATH: /usr/local/lib/node_modules/npm/bin/node-gyp-bin:/Users/ivanminutillo/Sites/oce_website/website/node_modules/.bin:/Users/ivanminutillo/Downloads/google-cloud-sdk/bin:/usr/local/bin:/usr/bin:/bin:/usr/sbin:/sbin:/opt/X11/bin:/usr/local/go/bin:/usr/local/MacGPG2/bin
10 verbose lifecycle @~publish-gh-pages: CWD: /Users/ivanminutillo/Sites/oce_website/website
11 silly lifecycle @~publish-gh-pages: Args: [ '-c', 'docusaurus-publish' ]
12 silly lifecycle @~publish-gh-pages: Returned: code: 1  signal: null
13 info lifecycle @~publish-gh-pages: Failed to exec publish-gh-pages script
14 verbose stack Error: @ publish-gh-pages: `docusaurus-publish`
14 verbose stack Exit status 1
14 verbose stack     at EventEmitter.<anonymous> (/usr/local/lib/node_modules/npm/lib/utils/lifecycle.js:255:16)
14 verbose stack     at emitTwo (events.js:106:13)
14 verbose stack     at EventEmitter.emit (events.js:191:7)
14 verbose stack     at ChildProcess.<anonymous> (/usr/local/lib/node_modules/npm/lib/utils/spawn.js:40:14)
14 verbose stack     at emitTwo (events.js:106:13)
14 verbose stack     at ChildProcess.emit (events.js:191:7)
14 verbose stack     at maybeClose (internal/child_process.js:885:16)
14 verbose stack     at Process.ChildProcess._handle.onexit (internal/child_process.js:226:5)
15 verbose pkgid @
16 verbose cwd /Users/ivanminutillo/Sites/oce_website/website
17 error Darwin 15.5.0
18 error argv "/usr/local/bin/node" "/usr/local/bin/npm" "run" "publish-gh-pages"
19 error node v7.2.1
20 error npm  v3.10.10
21 error code ELIFECYCLE
22 error @ publish-gh-pages: `docusaurus-publish`
22 error Exit status 1
23 error Failed at the @ publish-gh-pages script 'docusaurus-publish'.
23 error Make sure you have the latest version of node.js and npm installed.
23 error If you do, this is most likely a problem with the  package,
23 error not with npm itself.
23 error Tell the author that this fails on your system:
23 error     docusaurus-publish
23 error You can get information on how to open an issue for this project with:
23 error     npm bugs
23 error Or if that isn't available, you can get their info via:
23 error     npm owner ls
23 error There is likely additional logging output above.
24 verbose exit [ 1, true ]
